<?xml version="1.0" encoding="UTF-8"?>
<!-- Generated by org.testng.reporters.JUnitReportReporter -->
<testsuite skipped="0" hostname="Kris-PC" name="crmpro.testcases.LoginPageTest" tests="3" failures="0" timestamp="2020-05-13T16:16:53 CDT" time="43.926" errors="0">
  <testcase name="loginpageTitleTest" time="14.132" classname="crmpro.testcases.LoginPageTest"/>
  <system-out/>
  <testcase name="crmlogotest" time="13.504" classname="crmpro.testcases.LoginPageTest"/>
  <system-out/>
  <testcase name="loginTest" time="16.290" classname="crmpro.testcases.LoginPageTest"/>
  <system-out/>
</testsuite> <!-- crmpro.testcases.LoginPageTest -->
