<?xml version="1.0" encoding="UTF-8"?>
<!-- Generated by org.testng.reporters.JUnitReportReporter -->
<testsuite skipped="0" hostname="Kris-PC" name="crmpro.testcases.HomePageTest" tests="1" failures="0" timestamp="2020-05-14T15:55:32 CDT" time="22.242" errors="0">
  <testcase name="contactsLinkTest" time="22.242" classname="crmpro.testcases.HomePageTest"/>
  <system-out/>
</testsuite> <!-- crmpro.testcases.HomePageTest -->
